<?xml version="1.0" encoding="UTF-8"?>
<!-- Generated by org.testng.reporters.JUnitXMLReporter -->
<testsuite ignored="0" hostname="LAPTOP-8KATJP3L" failures="6" tests="6" name="Default test" time="10.185" errors="0" timestamp="26 Aug 2022 10:46:16 GMT">
  <testcase classname="com.absli.testcases.PersonalInfoTest" name="UserAbleNevigateToExistingPageWeb" time="0.385">
    <failure type="org.testng.internal.reflect.MethodMatcherException" message="
Data provider mismatch
Method: UserAbleNevigateToExistingPageWeb([Parameter{index=0, type=java.lang.String, declaredAnnotations=[]}, Parameter{index=1, type=java.lang.String, declaredAnnotations=[]}, Parameter{index=2, type=java.lang.String, declaredAnnotations=[]}, Parameter{index=3, type=java.lang.String, declaredAnnotations=[]}, Parameter{index=4, type=java.lang.String, declaredAnnotations=[]}, Parameter{index=5, type=java.lang.String, declaredAnnotations=[]}, Parameter{index=6, type=java.lang.String, declaredAnnotations=[]}, Parameter{index=7, type=java.lang.String, declaredAnnotations=[]}, Parameter{index=8, type=java.lang.String, declaredAnnotations=[]}, Parameter{index=9, type=java.lang.String, declaredAnnotations=[]}, Parameter{index=10, type=java.lang.String, declaredAnnotations=[]}, Parameter{index=11, type=java.lang.String, declaredAnnotations=[]}, Parameter{index=12, type=java.lang.String, declaredAnnotations=[]}, Parameter{index=13, type=java.lang.String, declaredAnnotations=[]}, Parameter{index=14, type=java.lang.String, declaredAnnotations=[]}, Parameter{index=15, type=java.lang.String, declaredAnnotations=[]}, Parameter{index=16, type=java.lang.String, declaredAnnotations=[]}, Parameter{index=17, type=java.lang.String, declaredAnnotations=[]}, Parameter{index=18, type=java.lang.String, declaredAnnotations=[]}, Parameter{index=19, type=java.lang.String, declaredAnnotations=[]}, Parameter{index=20, type=java.lang.String, declaredAnnotations=[]}, Parameter{index=21, type=java.lang.String, declaredAnnotations=[]}, Parameter{index=22, type=java.lang.String, declaredAnnotations=[]}, Parameter{index=23, type=java.lang.String, declaredAnnotations=[]}, Parameter{index=24, type=java.lang.String, declaredAnnotations=[]}, Parameter{index=25, type=java.lang.String, declaredAnnotations=[]}, Parameter{index=26, type=java.lang.String, declaredAnnotations=[]}, Parameter{index=27, type=java.lang.String, declaredAnnotations=[]}, Parameter{index=28, type=java.lang.String, declaredAnnotations=[]}, Parameter{index=29, type=java.lang.String, declaredAnnotations=[]}, Parameter{index=30, type=java.lang.String, declaredAnnotations=[]}, Parameter{index=31, type=java.lang.String, declaredAnnotations=[]}, Parameter{index=32, type=java.lang.String, declaredAnnotations=[]}, Parameter{index=33, type=java.lang.String, declaredAnnotations=[]}, Parameter{index=34, type=java.lang.String, declaredAnnotations=[]}, Parameter{index=35, type=java.lang.String, declaredAnnotations=[]}, Parameter{index=36, type=java.lang.String, declaredAnnotations=[]}, Parameter{index=37, type=java.lang.String, declaredAnnotations=[]}, Parameter{index=38, type=java.lang.String, declaredAnnotations=[]}, Parameter{index=39, type=java.lang.String, declaredAnnotations=[]}, Parameter{index=40, type=java.lang.String, declaredAnnotations=[]}, Parameter{index=41, type=java.lang.String, declaredAnnotations=[]}, Parameter{index=42, type=java.lang.String, declaredAnnotations=[]}, Parameter{index=43, type=java.lang.String, declaredAnnotations=[]}, Parameter{index=44, type=java.lang.String, declaredAnnotations=[]}, Parameter{index=45, type=java.lang.String, declaredAnnotations=[]}, Parameter{index=46, type=java.lang.String, declaredAnnotations=[]}, Parameter{index=47, type=java.lang.String, declaredAnnotations=[]}, Parameter{index=48, type=java.lang.String, declaredAnnotations=[]}, Parameter{index=49, type=java.lang.String, declaredAnnotations=[]}, Parameter{index=50, type=java.lang.String, declaredAnnotations=[]}, Parameter{index=51, type=java.lang.String, declaredAnnotations=[]}, Parameter{index=52, type=java.lang.String, declaredAnnotations=[]}, Parameter{index=53, type=java.lang.String, declaredAnnotations=[]}, Parameter{index=54, type=java.lang.String, declaredAnnotations=[]}, Parameter{index=55, type=java.lang.String, declaredAnnotations=[]}, Parameter{index=56, type=java.lang.String, declaredAnnotations=[]}, Parameter{index=57, type=java.lang.String, declaredAnnotations=[]}, Parameter{index=58, type=java.lang.String, declaredAnnotations=[]}, Parameter{index=59, type=java.lang.String, declaredAnnotations=[]}, Parameter{index=60, type=java.lang.String, declaredAnnotations=[]}])
Arguments: [(java.lang.String)in073662,(java.lang.String)str,(java.lang.String)12345678901234,(java.lang.String)9319671844,(java.lang.String)ATUPP1747N,(java.lang.String)19.0,(java.lang.String)6.0,(java.lang.String)1982.0,(java.lang.String)500000,(java.lang.String)Level Cover Option,(java.lang.String)Non Smoker,(java.lang.String)Regular Pay,(java.lang.String)20,(java.lang.String)Annual,(java.lang.String)500000,(java.lang.String)500000,(java.lang.String)1.0,(java.lang.String)KKBK0000631,(java.lang.String)Invalid IFSC Code,(java.lang.String)kota,(java.lang.String)Min 5 and max 100 characters,(java.lang.String)kota,(java.lang.String)Min 5 and max 100 characters,(java.lang.String)5613058615,(java.lang.String)Enter only Numbers,(java.lang.String)Direct Bill,(java.lang.String)On Premium Due Date,(java.lang.String)Salary,(java.lang.String)Registration pending,(java.lang.String)V   JAY,(java.lang.String)deshmukh,(java.lang.String)15,(java.lang.String)7,(java.lang.String)1995.0,(java.lang.String)Male,(java.lang.String)Grandfather,(java.lang.String)100,(java.lang.String)Maximum value is 100,(java.lang.String)Please select gender first,(java.lang.String)Please enter first name,(java.lang.String)Please enter last name,(java.lang.String)Are you sure you would like to delete?,(java.lang.String)DOB cannot be greater than today,(java.lang.String)Residential Address,(java.lang.String)413501.0,(java.lang.String)ab-g,h/ij k&amp;amp;(),(java.lang.String)ab-g,h/ij k&amp;amp;(),(java.lang.String)ab-g,h/ij k&amp;amp;(),(java.lang.String)413501.0,(java.lang.String)English,(java.lang.String)8.600599675E9,(java.lang.String)12345.0,(java.lang.String)AZC,(java.lang.String),(java.lang.String),(java.lang.String),(java.lang.String),(java.lang.String),(java.lang.String),(java.lang.String)YES,(java.lang.String)zxcvbnmlkjhgfdsaqwertyuioplkjhgfdsazxcvbnmlkjhgfds,(java.lang.String)Protection,(java.lang.String)Child&amp;apos;s Education,(java.lang.String)Wealth Creation,(java.lang.String)Please enter this field]">
      <![CDATA[org.testng.internal.reflect.MethodMatcherException: 
Data provider mismatch
Method: UserAbleNevigateToExistingPageWeb([Parameter{index=0, type=java.lang.String, declaredAnnotations=[]}, Parameter{index=1, type=java.lang.String, declaredAnnotations=[]}, Parameter{index=2, type=java.lang.String, declaredAnnotations=[]}, Parameter{index=3, type=java.lang.String, declaredAnnotations=[]}, Parameter{index=4, type=java.lang.String, declaredAnnotations=[]}, Parameter{index=5, type=java.lang.String, declaredAnnotations=[]}, Parameter{index=6, type=java.lang.String, declaredAnnotations=[]}, Parameter{index=7, type=java.lang.String, declaredAnnotations=[]}, Parameter{index=8, type=java.lang.String, declaredAnnotations=[]}, Parameter{index=9, type=java.lang.String, declaredAnnotations=[]}, Parameter{index=10, type=java.lang.String, declaredAnnotations=[]}, Parameter{index=11, type=java.lang.String, declaredAnnotations=[]}, Parameter{index=12, type=java.lang.String, declaredAnnotations=[]}, Parameter{index=13, type=java.lang.String, declaredAnnotations=[]}, Parameter{index=14, type=java.lang.String, declaredAnnotations=[]}, Parameter{index=15, type=java.lang.String, declaredAnnotations=[]}, Parameter{index=16, type=java.lang.String, declaredAnnotations=[]}, Parameter{index=17, type=java.lang.String, declaredAnnotations=[]}, Parameter{index=18, type=java.lang.String, declaredAnnotations=[]}, Parameter{index=19, type=java.lang.String, declaredAnnotations=[]}, Parameter{index=20, type=java.lang.String, declaredAnnotations=[]}, Parameter{index=21, type=java.lang.String, declaredAnnotations=[]}, Parameter{index=22, type=java.lang.String, declaredAnnotations=[]}, Parameter{index=23, type=java.lang.String, declaredAnnotations=[]}, Parameter{index=24, type=java.lang.String, declaredAnnotations=[]}, Parameter{index=25, type=java.lang.String, declaredAnnotations=[]}, Parameter{index=26, type=java.lang.String, declaredAnnotations=[]}, Parameter{index=27, type=java.lang.String, declaredAnnotations=[]}, Parameter{index=28, type=java.lang.String, declaredAnnotations=[]}, Parameter{index=29, type=java.lang.String, declaredAnnotations=[]}, Parameter{index=30, type=java.lang.String, declaredAnnotations=[]}, Parameter{index=31, type=java.lang.String, declaredAnnotations=[]}, Parameter{index=32, type=java.lang.String, declaredAnnotations=[]}, Parameter{index=33, type=java.lang.String, declaredAnnotations=[]}, Parameter{index=34, type=java.lang.String, declaredAnnotations=[]}, Parameter{index=35, type=java.lang.String, declaredAnnotations=[]}, Parameter{index=36, type=java.lang.String, declaredAnnotations=[]}, Parameter{index=37, type=java.lang.String, declaredAnnotations=[]}, Parameter{index=38, type=java.lang.String, declaredAnnotations=[]}, Parameter{index=39, type=java.lang.String, declaredAnnotations=[]}, Parameter{index=40, type=java.lang.String, declaredAnnotations=[]}, Parameter{index=41, type=java.lang.String, declaredAnnotations=[]}, Parameter{index=42, type=java.lang.String, declaredAnnotations=[]}, Parameter{index=43, type=java.lang.String, declaredAnnotations=[]}, Parameter{index=44, type=java.lang.String, declaredAnnotations=[]}, Parameter{index=45, type=java.lang.String, declaredAnnotations=[]}, Parameter{index=46, type=java.lang.String, declaredAnnotations=[]}, Parameter{index=47, type=java.lang.String, declaredAnnotations=[]}, Parameter{index=48, type=java.lang.String, declaredAnnotations=[]}, Parameter{index=49, type=java.lang.String, declaredAnnotations=[]}, Parameter{index=50, type=java.lang.String, declaredAnnotations=[]}, Parameter{index=51, type=java.lang.String, declaredAnnotations=[]}, Parameter{index=52, type=java.lang.String, declaredAnnotations=[]}, Parameter{index=53, type=java.lang.String, declaredAnnotations=[]}, Parameter{index=54, type=java.lang.String, declaredAnnotations=[]}, Parameter{index=55, type=java.lang.String, declaredAnnotations=[]}, Parameter{index=56, type=java.lang.String, declaredAnnotations=[]}, Parameter{index=57, type=java.lang.String, declaredAnnotations=[]}, Parameter{index=58, type=java.lang.String, declaredAnnotations=[]}, Parameter{index=59, type=java.lang.String, declaredAnnotations=[]}, Parameter{index=60, type=java.lang.String, declaredAnnotations=[]}])
Arguments: [(java.lang.String)in073662,(java.lang.String)str,(java.lang.String)12345678901234,(java.lang.String)9319671844,(java.lang.String)ATUPP1747N,(java.lang.String)19.0,(java.lang.String)6.0,(java.lang.String)1982.0,(java.lang.String)500000,(java.lang.String)Level Cover Option,(java.lang.String)Non Smoker,(java.lang.String)Regular Pay,(java.lang.String)20,(java.lang.String)Annual,(java.lang.String)500000,(java.lang.String)500000,(java.lang.String)1.0,(java.lang.String)KKBK0000631,(java.lang.String)Invalid IFSC Code,(java.lang.String)kota,(java.lang.String)Min 5 and max 100 characters,(java.lang.String)kota,(java.lang.String)Min 5 and max 100 characters,(java.lang.String)5613058615,(java.lang.String)Enter only Numbers,(java.lang.String)Direct Bill,(java.lang.String)On Premium Due Date,(java.lang.String)Salary,(java.lang.String)Registration pending,(java.lang.String)V   JAY,(java.lang.String)deshmukh,(java.lang.String)15,(java.lang.String)7,(java.lang.String)1995.0,(java.lang.String)Male,(java.lang.String)Grandfather,(java.lang.String)100,(java.lang.String)Maximum value is 100,(java.lang.String)Please select gender first,(java.lang.String)Please enter first name,(java.lang.String)Please enter last name,(java.lang.String)Are you sure you would like to delete?,(java.lang.String)DOB cannot be greater than today,(java.lang.String)Residential Address,(java.lang.String)413501.0,(java.lang.String)ab-g,h/ij k&(),(java.lang.String)ab-g,h/ij k&(),(java.lang.String)ab-g,h/ij k&(),(java.lang.String)413501.0,(java.lang.String)English,(java.lang.String)8.600599675E9,(java.lang.String)12345.0,(java.lang.String)AZC,(java.lang.String),(java.lang.String),(java.lang.String),(java.lang.String),(java.lang.String),(java.lang.String),(java.lang.String)YES,(java.lang.String)zxcvbnmlkjhgfdsaqwertyuioplkjhgfdsazxcvbnmlkjhgfds,(java.lang.String)Protection,(java.lang.String)Child's Education,(java.lang.String)Wealth Creation,(java.lang.String)Please enter this field]
	at org.testng.internal.reflect.DataProviderMethodMatcher.getConformingArguments(DataProviderMethodMatcher.java:49)
	at org.testng.internal.Invoker.injectParameters(Invoker.java:1293)
	at org.testng.internal.Invoker.invokeTestMethods(Invoker.java:1187)
	at org.testng.internal.TestMethodWorker.invokeTestMethods(TestMethodWorker.java:126)
	at org.testng.internal.TestMethodWorker.run(TestMethodWorker.java:109)
	at org.testng.TestRunner.privateRun(TestRunner.java:744)
	at org.testng.TestRunner.run(TestRunner.java:602)
	at org.testng.SuiteRunner.runTest(SuiteRunner.java:380)
	at org.testng.SuiteRunner.runSequentially(SuiteRunner.java:375)
	at org.testng.SuiteRunner.privateRun(SuiteRunner.java:340)
	at org.testng.SuiteRunner.run(SuiteRunner.java:289)
	at org.testng.SuiteRunnerWorker.runSuite(SuiteRunnerWorker.java:52)
	at org.testng.SuiteRunnerWorker.run(SuiteRunnerWorker.java:86)
	at org.testng.TestNG.runSuitesSequentially(TestNG.java:1301)
	at org.testng.TestNG.runSuitesLocally(TestNG.java:1226)
	at org.testng.TestNG.runSuites(TestNG.java:1144)
	at org.testng.TestNG.run(TestNG.java:1115)
	at org.testng.remote.AbstractRemoteTestNG.run(AbstractRemoteTestNG.java:115)
	at org.testng.remote.RemoteTestNG.initAndRun(RemoteTestNG.java:251)
	at org.testng.remote.RemoteTestNG.main(RemoteTestNG.java:77)
]]>
    </failure>
  </testcase> <!-- UserAbleNevigateToExistingPageWeb -->
  <testcase classname="com.absli.testcases.PersonalInfoTest" name="UserCanAddedFivePolicyONExistingPageWeb" time="0.273">
    <failure type="org.testng.internal.reflect.MethodMatcherException" message="
Data provider mismatch
Method: UserCanAddedFivePolicyONExistingPageWeb([Parameter{index=0, type=java.lang.String, declaredAnnotations=[]}, Parameter{index=1, type=java.lang.String, declaredAnnotations=[]}, Parameter{index=2, type=java.lang.String, declaredAnnotations=[]}, Parameter{index=3, type=java.lang.String, declaredAnnotations=[]}, Parameter{index=4, type=java.lang.String, declaredAnnotations=[]}, Parameter{index=5, type=java.lang.String, declaredAnnotations=[]}, Parameter{index=6, type=java.lang.String, declaredAnnotations=[]}, Parameter{index=7, type=java.lang.String, declaredAnnotations=[]}, Parameter{index=8, type=java.lang.String, declaredAnnotations=[]}, Parameter{index=9, type=java.lang.String, declaredAnnotations=[]}, Parameter{index=10, type=java.lang.String, declaredAnnotations=[]}, Parameter{index=11, type=java.lang.String, declaredAnnotations=[]}, Parameter{index=12, type=java.lang.String, declaredAnnotations=[]}, Parameter{index=13, type=java.lang.String, declaredAnnotations=[]}, Parameter{index=14, type=java.lang.String, declaredAnnotations=[]}, Parameter{index=15, type=java.lang.String, declaredAnnotations=[]}, Parameter{index=16, type=java.lang.String, declaredAnnotations=[]}, Parameter{index=17, type=java.lang.String, declaredAnnotations=[]}, Parameter{index=18, type=java.lang.String, declaredAnnotations=[]}, Parameter{index=19, type=java.lang.String, declaredAnnotations=[]}, Parameter{index=20, type=java.lang.String, declaredAnnotations=[]}, Parameter{index=21, type=java.lang.String, declaredAnnotations=[]}, Parameter{index=22, type=java.lang.String, declaredAnnotations=[]}, Parameter{index=23, type=java.lang.String, declaredAnnotations=[]}, Parameter{index=24, type=java.lang.String, declaredAnnotations=[]}, Parameter{index=25, type=java.lang.String, declaredAnnotations=[]}, Parameter{index=26, type=java.lang.String, declaredAnnotations=[]}, Parameter{index=27, type=java.lang.String, declaredAnnotations=[]}, Parameter{index=28, type=java.lang.String, declaredAnnotations=[]}, Parameter{index=29, type=java.lang.String, declaredAnnotations=[]}, Parameter{index=30, type=java.lang.String, declaredAnnotations=[]}, Parameter{index=31, type=java.lang.String, declaredAnnotations=[]}, Parameter{index=32, type=java.lang.String, declaredAnnotations=[]}, Parameter{index=33, type=java.lang.String, declaredAnnotations=[]}, Parameter{index=34, type=java.lang.String, declaredAnnotations=[]}, Parameter{index=35, type=java.lang.String, declaredAnnotations=[]}, Parameter{index=36, type=java.lang.String, declaredAnnotations=[]}, Parameter{index=37, type=java.lang.String, declaredAnnotations=[]}, Parameter{index=38, type=java.lang.String, declaredAnnotations=[]}, Parameter{index=39, type=java.lang.String, declaredAnnotations=[]}, Parameter{index=40, type=java.lang.String, declaredAnnotations=[]}, Parameter{index=41, type=java.lang.String, declaredAnnotations=[]}, Parameter{index=42, type=java.lang.String, declaredAnnotations=[]}, Parameter{index=43, type=java.lang.String, declaredAnnotations=[]}, Parameter{index=44, type=java.lang.String, declaredAnnotations=[]}, Parameter{index=45, type=java.lang.String, declaredAnnotations=[]}, Parameter{index=46, type=java.lang.String, declaredAnnotations=[]}, Parameter{index=47, type=java.lang.String, declaredAnnotations=[]}, Parameter{index=48, type=java.lang.String, declaredAnnotations=[]}, Parameter{index=49, type=java.lang.String, declaredAnnotations=[]}, Parameter{index=50, type=java.lang.String, declaredAnnotations=[]}, Parameter{index=51, type=java.lang.String, declaredAnnotations=[]}, Parameter{index=52, type=java.lang.String, declaredAnnotations=[]}, Parameter{index=53, type=java.lang.String, declaredAnnotations=[]}, Parameter{index=54, type=java.lang.String, declaredAnnotations=[]}, Parameter{index=55, type=java.lang.String, declaredAnnotations=[]}, Parameter{index=56, type=java.lang.String, declaredAnnotations=[]}, Parameter{index=57, type=java.lang.String, declaredAnnotations=[]}, Parameter{index=58, type=java.lang.String, declaredAnnotations=[]}, Parameter{index=59, type=java.lang.String, declaredAnnotations=[]}, Parameter{index=60, type=java.lang.String, declaredAnnotations=[]}])
Arguments: [(java.lang.String)in073662,(java.lang.String)str,(java.lang.String)12345678901234,(java.lang.String)9319671844,(java.lang.String)ATUPP1747N,(java.lang.String)19.0,(java.lang.String)6.0,(java.lang.String)1982.0,(java.lang.String)500000,(java.lang.String)Level Cover Option,(java.lang.String)Non Smoker,(java.lang.String)Regular Pay,(java.lang.String)20,(java.lang.String)Annual,(java.lang.String)500000,(java.lang.String)500000,(java.lang.String)1.0,(java.lang.String)KKBK0000631,(java.lang.String)Invalid IFSC Code,(java.lang.String)kota,(java.lang.String)Min 5 and max 100 characters,(java.lang.String)kota,(java.lang.String)Min 5 and max 100 characters,(java.lang.String)5613058615,(java.lang.String)Enter only Numbers,(java.lang.String)Direct Bill,(java.lang.String)On Premium Due Date,(java.lang.String)Salary,(java.lang.String)Registration pending,(java.lang.String)jayy,(java.lang.String)deshmukh,(java.lang.String)17,(java.lang.String)9,(java.lang.String)1997.0,(java.lang.String)Female,(java.lang.String)Son,(java.lang.String)100,(java.lang.String)Maximum value is 102,(java.lang.String)Please select gender first,(java.lang.String)Please enter first name,(java.lang.String)Please enter last name,(java.lang.String)Are you sure you would like to delete?,(java.lang.String)DOB cannot be greater than today,(java.lang.String)Residential Address,(java.lang.String)413501,(java.lang.String)ABC,(java.lang.String)ABCD,(java.lang.String)ACBDF,(java.lang.String)413501,(java.lang.String)English,(java.lang.String)8600599675,(java.lang.String)12345.0,(java.lang.String)abcd,(java.lang.String)12345,(java.lang.String)poiu,(java.lang.String)12345.0,(java.lang.String)asdfrt,(java.lang.String)1236654.0,(java.lang.String)poiuy,(java.lang.String)YES,(java.lang.String)zxcvbnmlkjhgfdsaqwertyuioplkjhgfdsazxcvbnmlkjhgfds,(java.lang.String)Protection,(java.lang.String)Child&amp;apos;s Education,(java.lang.String)Retirement Planning,(java.lang.String)Please enter this field]">
      <![CDATA[org.testng.internal.reflect.MethodMatcherException: 
Data provider mismatch
Method: UserCanAddedFivePolicyONExistingPageWeb([Parameter{index=0, type=java.lang.String, declaredAnnotations=[]}, Parameter{index=1, type=java.lang.String, declaredAnnotations=[]}, Parameter{index=2, type=java.lang.String, declaredAnnotations=[]}, Parameter{index=3, type=java.lang.String, declaredAnnotations=[]}, Parameter{index=4, type=java.lang.String, declaredAnnotations=[]}, Parameter{index=5, type=java.lang.String, declaredAnnotations=[]}, Parameter{index=6, type=java.lang.String, declaredAnnotations=[]}, Parameter{index=7, type=java.lang.String, declaredAnnotations=[]}, Parameter{index=8, type=java.lang.String, declaredAnnotations=[]}, Parameter{index=9, type=java.lang.String, declaredAnnotations=[]}, Parameter{index=10, type=java.lang.String, declaredAnnotations=[]}, Parameter{index=11, type=java.lang.String, declaredAnnotations=[]}, Parameter{index=12, type=java.lang.String, declaredAnnotations=[]}, Parameter{index=13, type=java.lang.String, declaredAnnotations=[]}, Parameter{index=14, type=java.lang.String, declaredAnnotations=[]}, Parameter{index=15, type=java.lang.String, declaredAnnotations=[]}, Parameter{index=16, type=java.lang.String, declaredAnnotations=[]}, Parameter{index=17, type=java.lang.String, declaredAnnotations=[]}, Parameter{index=18, type=java.lang.String, declaredAnnotations=[]}, Parameter{index=19, type=java.lang.String, declaredAnnotations=[]}, Parameter{index=20, type=java.lang.String, declaredAnnotations=[]}, Parameter{index=21, type=java.lang.String, declaredAnnotations=[]}, Parameter{index=22, type=java.lang.String, declaredAnnotations=[]}, Parameter{index=23, type=java.lang.String, declaredAnnotations=[]}, Parameter{index=24, type=java.lang.String, declaredAnnotations=[]}, Parameter{index=25, type=java.lang.String, declaredAnnotations=[]}, Parameter{index=26, type=java.lang.String, declaredAnnotations=[]}, Parameter{index=27, type=java.lang.String, declaredAnnotations=[]}, Parameter{index=28, type=java.lang.String, declaredAnnotations=[]}, Parameter{index=29, type=java.lang.String, declaredAnnotations=[]}, Parameter{index=30, type=java.lang.String, declaredAnnotations=[]}, Parameter{index=31, type=java.lang.String, declaredAnnotations=[]}, Parameter{index=32, type=java.lang.String, declaredAnnotations=[]}, Parameter{index=33, type=java.lang.String, declaredAnnotations=[]}, Parameter{index=34, type=java.lang.String, declaredAnnotations=[]}, Parameter{index=35, type=java.lang.String, declaredAnnotations=[]}, Parameter{index=36, type=java.lang.String, declaredAnnotations=[]}, Parameter{index=37, type=java.lang.String, declaredAnnotations=[]}, Parameter{index=38, type=java.lang.String, declaredAnnotations=[]}, Parameter{index=39, type=java.lang.String, declaredAnnotations=[]}, Parameter{index=40, type=java.lang.String, declaredAnnotations=[]}, Parameter{index=41, type=java.lang.String, declaredAnnotations=[]}, Parameter{index=42, type=java.lang.String, declaredAnnotations=[]}, Parameter{index=43, type=java.lang.String, declaredAnnotations=[]}, Parameter{index=44, type=java.lang.String, declaredAnnotations=[]}, Parameter{index=45, type=java.lang.String, declaredAnnotations=[]}, Parameter{index=46, type=java.lang.String, declaredAnnotations=[]}, Parameter{index=47, type=java.lang.String, declaredAnnotations=[]}, Parameter{index=48, type=java.lang.String, declaredAnnotations=[]}, Parameter{index=49, type=java.lang.String, declaredAnnotations=[]}, Parameter{index=50, type=java.lang.String, declaredAnnotations=[]}, Parameter{index=51, type=java.lang.String, declaredAnnotations=[]}, Parameter{index=52, type=java.lang.String, declaredAnnotations=[]}, Parameter{index=53, type=java.lang.String, declaredAnnotations=[]}, Parameter{index=54, type=java.lang.String, declaredAnnotations=[]}, Parameter{index=55, type=java.lang.String, declaredAnnotations=[]}, Parameter{index=56, type=java.lang.String, declaredAnnotations=[]}, Parameter{index=57, type=java.lang.String, declaredAnnotations=[]}, Parameter{index=58, type=java.lang.String, declaredAnnotations=[]}, Parameter{index=59, type=java.lang.String, declaredAnnotations=[]}, Parameter{index=60, type=java.lang.String, declaredAnnotations=[]}])
Arguments: [(java.lang.String)in073662,(java.lang.String)str,(java.lang.String)12345678901234,(java.lang.String)9319671844,(java.lang.String)ATUPP1747N,(java.lang.String)19.0,(java.lang.String)6.0,(java.lang.String)1982.0,(java.lang.String)500000,(java.lang.String)Level Cover Option,(java.lang.String)Non Smoker,(java.lang.String)Regular Pay,(java.lang.String)20,(java.lang.String)Annual,(java.lang.String)500000,(java.lang.String)500000,(java.lang.String)1.0,(java.lang.String)KKBK0000631,(java.lang.String)Invalid IFSC Code,(java.lang.String)kota,(java.lang.String)Min 5 and max 100 characters,(java.lang.String)kota,(java.lang.String)Min 5 and max 100 characters,(java.lang.String)5613058615,(java.lang.String)Enter only Numbers,(java.lang.String)Direct Bill,(java.lang.String)On Premium Due Date,(java.lang.String)Salary,(java.lang.String)Registration pending,(java.lang.String)jayy,(java.lang.String)deshmukh,(java.lang.String)17,(java.lang.String)9,(java.lang.String)1997.0,(java.lang.String)Female,(java.lang.String)Son,(java.lang.String)100,(java.lang.String)Maximum value is 102,(java.lang.String)Please select gender first,(java.lang.String)Please enter first name,(java.lang.String)Please enter last name,(java.lang.String)Are you sure you would like to delete?,(java.lang.String)DOB cannot be greater than today,(java.lang.String)Residential Address,(java.lang.String)413501,(java.lang.String)ABC,(java.lang.String)ABCD,(java.lang.String)ACBDF,(java.lang.String)413501,(java.lang.String)English,(java.lang.String)8600599675,(java.lang.String)12345.0,(java.lang.String)abcd,(java.lang.String)12345,(java.lang.String)poiu,(java.lang.String)12345.0,(java.lang.String)asdfrt,(java.lang.String)1236654.0,(java.lang.String)poiuy,(java.lang.String)YES,(java.lang.String)zxcvbnmlkjhgfdsaqwertyuioplkjhgfdsazxcvbnmlkjhgfds,(java.lang.String)Protection,(java.lang.String)Child's Education,(java.lang.String)Retirement Planning,(java.lang.String)Please enter this field]
	at org.testng.internal.reflect.DataProviderMethodMatcher.getConformingArguments(DataProviderMethodMatcher.java:49)
	at org.testng.internal.Invoker.injectParameters(Invoker.java:1293)
	at org.testng.internal.Invoker.invokeTestMethods(Invoker.java:1187)
	at org.testng.internal.TestMethodWorker.invokeTestMethods(TestMethodWorker.java:126)
	at org.testng.internal.TestMethodWorker.run(TestMethodWorker.java:109)
	at org.testng.TestRunner.privateRun(TestRunner.java:744)
	at org.testng.TestRunner.run(TestRunner.java:602)
	at org.testng.SuiteRunner.runTest(SuiteRunner.java:380)
	at org.testng.SuiteRunner.runSequentially(SuiteRunner.java:375)
	at org.testng.SuiteRunner.privateRun(SuiteRunner.java:340)
	at org.testng.SuiteRunner.run(SuiteRunner.java:289)
	at org.testng.SuiteRunnerWorker.runSuite(SuiteRunnerWorker.java:52)
	at org.testng.SuiteRunnerWorker.run(SuiteRunnerWorker.java:86)
	at org.testng.TestNG.runSuitesSequentially(TestNG.java:1301)
	at org.testng.TestNG.runSuitesLocally(TestNG.java:1226)
	at org.testng.TestNG.runSuites(TestNG.java:1144)
	at org.testng.TestNG.run(TestNG.java:1115)
	at org.testng.remote.AbstractRemoteTestNG.run(AbstractRemoteTestNG.java:115)
	at org.testng.remote.RemoteTestNG.initAndRun(RemoteTestNG.java:251)
	at org.testng.remote.RemoteTestNG.main(RemoteTestNG.java:77)
]]>
    </failure>
  </testcase> <!-- UserCanAddedFivePolicyONExistingPageWeb -->
  <testcase classname="com.absli.testcases.PersonalInfoTest" name="UserCanAddedFivePolicyOnRefusedPolicyWeb" time="0.217">
    <failure type="org.testng.internal.reflect.MethodMatcherException" message="
Data provider mismatch
Method: UserCanAddedFivePolicyOnRefusedPolicyWeb([Parameter{index=0, type=java.lang.String, declaredAnnotations=[]}, Parameter{index=1, type=java.lang.String, declaredAnnotations=[]}, Parameter{index=2, type=java.lang.String, declaredAnnotations=[]}, Parameter{index=3, type=java.lang.String, declaredAnnotations=[]}, Parameter{index=4, type=java.lang.String, declaredAnnotations=[]}, Parameter{index=5, type=java.lang.String, declaredAnnotations=[]}, Parameter{index=6, type=java.lang.String, declaredAnnotations=[]}, Parameter{index=7, type=java.lang.String, declaredAnnotations=[]}, Parameter{index=8, type=java.lang.String, declaredAnnotations=[]}, Parameter{index=9, type=java.lang.String, declaredAnnotations=[]}, Parameter{index=10, type=java.lang.String, declaredAnnotations=[]}, Parameter{index=11, type=java.lang.String, declaredAnnotations=[]}, Parameter{index=12, type=java.lang.String, declaredAnnotations=[]}, Parameter{index=13, type=java.lang.String, declaredAnnotations=[]}, Parameter{index=14, type=java.lang.String, declaredAnnotations=[]}, Parameter{index=15, type=java.lang.String, declaredAnnotations=[]}, Parameter{index=16, type=java.lang.String, declaredAnnotations=[]}, Parameter{index=17, type=java.lang.String, declaredAnnotations=[]}, Parameter{index=18, type=java.lang.String, declaredAnnotations=[]}, Parameter{index=19, type=java.lang.String, declaredAnnotations=[]}, Parameter{index=20, type=java.lang.String, declaredAnnotations=[]}, Parameter{index=21, type=java.lang.String, declaredAnnotations=[]}, Parameter{index=22, type=java.lang.String, declaredAnnotations=[]}, Parameter{index=23, type=java.lang.String, declaredAnnotations=[]}, Parameter{index=24, type=java.lang.String, declaredAnnotations=[]}, Parameter{index=25, type=java.lang.String, declaredAnnotations=[]}, Parameter{index=26, type=java.lang.String, declaredAnnotations=[]}, Parameter{index=27, type=java.lang.String, declaredAnnotations=[]}, Parameter{index=28, type=java.lang.String, declaredAnnotations=[]}, Parameter{index=29, type=java.lang.String, declaredAnnotations=[]}, Parameter{index=30, type=java.lang.String, declaredAnnotations=[]}, Parameter{index=31, type=java.lang.String, declaredAnnotations=[]}, Parameter{index=32, type=java.lang.String, declaredAnnotations=[]}, Parameter{index=33, type=java.lang.String, declaredAnnotations=[]}, Parameter{index=34, type=java.lang.String, declaredAnnotations=[]}, Parameter{index=35, type=java.lang.String, declaredAnnotations=[]}, Parameter{index=36, type=java.lang.String, declaredAnnotations=[]}, Parameter{index=37, type=java.lang.String, declaredAnnotations=[]}, Parameter{index=38, type=java.lang.String, declaredAnnotations=[]}, Parameter{index=39, type=java.lang.String, declaredAnnotations=[]}, Parameter{index=40, type=java.lang.String, declaredAnnotations=[]}, Parameter{index=41, type=java.lang.String, declaredAnnotations=[]}, Parameter{index=42, type=java.lang.String, declaredAnnotations=[]}, Parameter{index=43, type=java.lang.String, declaredAnnotations=[]}, Parameter{index=44, type=java.lang.String, declaredAnnotations=[]}, Parameter{index=45, type=java.lang.String, declaredAnnotations=[]}, Parameter{index=46, type=java.lang.String, declaredAnnotations=[]}, Parameter{index=47, type=java.lang.String, declaredAnnotations=[]}, Parameter{index=48, type=java.lang.String, declaredAnnotations=[]}, Parameter{index=49, type=java.lang.String, declaredAnnotations=[]}, Parameter{index=50, type=java.lang.String, declaredAnnotations=[]}, Parameter{index=51, type=java.lang.String, declaredAnnotations=[]}, Parameter{index=52, type=java.lang.String, declaredAnnotations=[]}, Parameter{index=53, type=java.lang.String, declaredAnnotations=[]}, Parameter{index=54, type=java.lang.String, declaredAnnotations=[]}, Parameter{index=55, type=java.lang.String, declaredAnnotations=[]}, Parameter{index=56, type=java.lang.String, declaredAnnotations=[]}, Parameter{index=57, type=java.lang.String, declaredAnnotations=[]}, Parameter{index=58, type=java.lang.String, declaredAnnotations=[]}, Parameter{index=59, type=java.lang.String, declaredAnnotations=[]}, Parameter{index=60, type=java.lang.String, declaredAnnotations=[]}])
Arguments: [(java.lang.String)in073662,(java.lang.String)str,(java.lang.String)12345678901234,(java.lang.String)9319671844,(java.lang.String)ATUPP1747N,(java.lang.String)19.0,(java.lang.String)6.0,(java.lang.String)1982.0,(java.lang.String)500000,(java.lang.String)Level Cover Option,(java.lang.String)Non Smoker,(java.lang.String)Regular Pay,(java.lang.String)20,(java.lang.String)Annual,(java.lang.String)500000,(java.lang.String)500000,(java.lang.String)1.0,(java.lang.String)KKBK0000631,(java.lang.String)Invalid IFSC Code,(java.lang.String)kota,(java.lang.String)Min 5 and max 100 characters,(java.lang.String)kota,(java.lang.String)Min 5 and max 100 characters,(java.lang.String)5613058615,(java.lang.String)Enter only Numbers,(java.lang.String)Direct Bill,(java.lang.String)On Premium Due Date,(java.lang.String)Salary,(java.lang.String)Registration pending,(java.lang.String)jyu,(java.lang.String)deshmukh,(java.lang.String)18,(java.lang.String)10,(java.lang.String)1996.0,(java.lang.String)Transgender,(java.lang.String)Son,(java.lang.String)100,(java.lang.String)Maximum value is 103,(java.lang.String)Please select gender first,(java.lang.String)Please enter first name,(java.lang.String)Please enter last name,(java.lang.String)Are you sure you would like to delete?,(java.lang.String)DOB cannot be greater than today,(java.lang.String)Residential Address,(java.lang.String)413501,(java.lang.String)ABC,(java.lang.String)ABCD,(java.lang.String)ACBDF,(java.lang.String)413501,(java.lang.String)English,(java.lang.String)8600599675,(java.lang.String)123456.0,(java.lang.String)zxcvbnmlkjhgfdsaqwertyuioplkjhgfdsazxcvbnmlkjhgfds,(java.lang.String)1234567890,(java.lang.String)as,(java.lang.String)123.0,(java.lang.String)ass,(java.lang.String)123.0,(java.lang.String)asde,(java.lang.String)YES,(java.lang.String)zxcvbnmlkjhgfdsaqwertyuioplkjhgfdsazxcvbnmlkjhgfds,(java.lang.String)Protection,(java.lang.String)Child&amp;apos;s Education,(java.lang.String)Retirement Planning,(java.lang.String)Please enter this field]">
      <![CDATA[org.testng.internal.reflect.MethodMatcherException: 
Data provider mismatch
Method: UserCanAddedFivePolicyOnRefusedPolicyWeb([Parameter{index=0, type=java.lang.String, declaredAnnotations=[]}, Parameter{index=1, type=java.lang.String, declaredAnnotations=[]}, Parameter{index=2, type=java.lang.String, declaredAnnotations=[]}, Parameter{index=3, type=java.lang.String, declaredAnnotations=[]}, Parameter{index=4, type=java.lang.String, declaredAnnotations=[]}, Parameter{index=5, type=java.lang.String, declaredAnnotations=[]}, Parameter{index=6, type=java.lang.String, declaredAnnotations=[]}, Parameter{index=7, type=java.lang.String, declaredAnnotations=[]}, Parameter{index=8, type=java.lang.String, declaredAnnotations=[]}, Parameter{index=9, type=java.lang.String, declaredAnnotations=[]}, Parameter{index=10, type=java.lang.String, declaredAnnotations=[]}, Parameter{index=11, type=java.lang.String, declaredAnnotations=[]}, Parameter{index=12, type=java.lang.String, declaredAnnotations=[]}, Parameter{index=13, type=java.lang.String, declaredAnnotations=[]}, Parameter{index=14, type=java.lang.String, declaredAnnotations=[]}, Parameter{index=15, type=java.lang.String, declaredAnnotations=[]}, Parameter{index=16, type=java.lang.String, declaredAnnotations=[]}, Parameter{index=17, type=java.lang.String, declaredAnnotations=[]}, Parameter{index=18, type=java.lang.String, declaredAnnotations=[]}, Parameter{index=19, type=java.lang.String, declaredAnnotations=[]}, Parameter{index=20, type=java.lang.String, declaredAnnotations=[]}, Parameter{index=21, type=java.lang.String, declaredAnnotations=[]}, Parameter{index=22, type=java.lang.String, declaredAnnotations=[]}, Parameter{index=23, type=java.lang.String, declaredAnnotations=[]}, Parameter{index=24, type=java.lang.String, declaredAnnotations=[]}, Parameter{index=25, type=java.lang.String, declaredAnnotations=[]}, Parameter{index=26, type=java.lang.String, declaredAnnotations=[]}, Parameter{index=27, type=java.lang.String, declaredAnnotations=[]}, Parameter{index=28, type=java.lang.String, declaredAnnotations=[]}, Parameter{index=29, type=java.lang.String, declaredAnnotations=[]}, Parameter{index=30, type=java.lang.String, declaredAnnotations=[]}, Parameter{index=31, type=java.lang.String, declaredAnnotations=[]}, Parameter{index=32, type=java.lang.String, declaredAnnotations=[]}, Parameter{index=33, type=java.lang.String, declaredAnnotations=[]}, Parameter{index=34, type=java.lang.String, declaredAnnotations=[]}, Parameter{index=35, type=java.lang.String, declaredAnnotations=[]}, Parameter{index=36, type=java.lang.String, declaredAnnotations=[]}, Parameter{index=37, type=java.lang.String, declaredAnnotations=[]}, Parameter{index=38, type=java.lang.String, declaredAnnotations=[]}, Parameter{index=39, type=java.lang.String, declaredAnnotations=[]}, Parameter{index=40, type=java.lang.String, declaredAnnotations=[]}, Parameter{index=41, type=java.lang.String, declaredAnnotations=[]}, Parameter{index=42, type=java.lang.String, declaredAnnotations=[]}, Parameter{index=43, type=java.lang.String, declaredAnnotations=[]}, Parameter{index=44, type=java.lang.String, declaredAnnotations=[]}, Parameter{index=45, type=java.lang.String, declaredAnnotations=[]}, Parameter{index=46, type=java.lang.String, declaredAnnotations=[]}, Parameter{index=47, type=java.lang.String, declaredAnnotations=[]}, Parameter{index=48, type=java.lang.String, declaredAnnotations=[]}, Parameter{index=49, type=java.lang.String, declaredAnnotations=[]}, Parameter{index=50, type=java.lang.String, declaredAnnotations=[]}, Parameter{index=51, type=java.lang.String, declaredAnnotations=[]}, Parameter{index=52, type=java.lang.String, declaredAnnotations=[]}, Parameter{index=53, type=java.lang.String, declaredAnnotations=[]}, Parameter{index=54, type=java.lang.String, declaredAnnotations=[]}, Parameter{index=55, type=java.lang.String, declaredAnnotations=[]}, Parameter{index=56, type=java.lang.String, declaredAnnotations=[]}, Parameter{index=57, type=java.lang.String, declaredAnnotations=[]}, Parameter{index=58, type=java.lang.String, declaredAnnotations=[]}, Parameter{index=59, type=java.lang.String, declaredAnnotations=[]}, Parameter{index=60, type=java.lang.String, declaredAnnotations=[]}])
Arguments: [(java.lang.String)in073662,(java.lang.String)str,(java.lang.String)12345678901234,(java.lang.String)9319671844,(java.lang.String)ATUPP1747N,(java.lang.String)19.0,(java.lang.String)6.0,(java.lang.String)1982.0,(java.lang.String)500000,(java.lang.String)Level Cover Option,(java.lang.String)Non Smoker,(java.lang.String)Regular Pay,(java.lang.String)20,(java.lang.String)Annual,(java.lang.String)500000,(java.lang.String)500000,(java.lang.String)1.0,(java.lang.String)KKBK0000631,(java.lang.String)Invalid IFSC Code,(java.lang.String)kota,(java.lang.String)Min 5 and max 100 characters,(java.lang.String)kota,(java.lang.String)Min 5 and max 100 characters,(java.lang.String)5613058615,(java.lang.String)Enter only Numbers,(java.lang.String)Direct Bill,(java.lang.String)On Premium Due Date,(java.lang.String)Salary,(java.lang.String)Registration pending,(java.lang.String)jyu,(java.lang.String)deshmukh,(java.lang.String)18,(java.lang.String)10,(java.lang.String)1996.0,(java.lang.String)Transgender,(java.lang.String)Son,(java.lang.String)100,(java.lang.String)Maximum value is 103,(java.lang.String)Please select gender first,(java.lang.String)Please enter first name,(java.lang.String)Please enter last name,(java.lang.String)Are you sure you would like to delete?,(java.lang.String)DOB cannot be greater than today,(java.lang.String)Residential Address,(java.lang.String)413501,(java.lang.String)ABC,(java.lang.String)ABCD,(java.lang.String)ACBDF,(java.lang.String)413501,(java.lang.String)English,(java.lang.String)8600599675,(java.lang.String)123456.0,(java.lang.String)zxcvbnmlkjhgfdsaqwertyuioplkjhgfdsazxcvbnmlkjhgfds,(java.lang.String)1234567890,(java.lang.String)as,(java.lang.String)123.0,(java.lang.String)ass,(java.lang.String)123.0,(java.lang.String)asde,(java.lang.String)YES,(java.lang.String)zxcvbnmlkjhgfdsaqwertyuioplkjhgfdsazxcvbnmlkjhgfds,(java.lang.String)Protection,(java.lang.String)Child's Education,(java.lang.String)Retirement Planning,(java.lang.String)Please enter this field]
	at org.testng.internal.reflect.DataProviderMethodMatcher.getConformingArguments(DataProviderMethodMatcher.java:49)
	at org.testng.internal.Invoker.injectParameters(Invoker.java:1293)
	at org.testng.internal.Invoker.invokeTestMethods(Invoker.java:1187)
	at org.testng.internal.TestMethodWorker.invokeTestMethods(TestMethodWorker.java:126)
	at org.testng.internal.TestMethodWorker.run(TestMethodWorker.java:109)
	at org.testng.TestRunner.privateRun(TestRunner.java:744)
	at org.testng.TestRunner.run(TestRunner.java:602)
	at org.testng.SuiteRunner.runTest(SuiteRunner.java:380)
	at org.testng.SuiteRunner.runSequentially(SuiteRunner.java:375)
	at org.testng.SuiteRunner.privateRun(SuiteRunner.java:340)
	at org.testng.SuiteRunner.run(SuiteRunner.java:289)
	at org.testng.SuiteRunnerWorker.runSuite(SuiteRunnerWorker.java:52)
	at org.testng.SuiteRunnerWorker.run(SuiteRunnerWorker.java:86)
	at org.testng.TestNG.runSuitesSequentially(TestNG.java:1301)
	at org.testng.TestNG.runSuitesLocally(TestNG.java:1226)
	at org.testng.TestNG.runSuites(TestNG.java:1144)
	at org.testng.TestNG.run(TestNG.java:1115)
	at org.testng.remote.AbstractRemoteTestNG.run(AbstractRemoteTestNG.java:115)
	at org.testng.remote.RemoteTestNG.initAndRun(RemoteTestNG.java:251)
	at org.testng.remote.RemoteTestNG.main(RemoteTestNG.java:77)
]]>
    </failure>
  </testcase> <!-- UserCanAddedFivePolicyOnRefusedPolicyWeb -->
  <testcase classname="com.absli.testcases.PersonalInfoTest" name="UserSelectProposeOfInsuranceWeb" time="0.2">
    <failure type="org.testng.internal.reflect.MethodMatcherException" message="
Data provider mismatch
Method: UserSelectProposeOfInsuranceWeb([Parameter{index=0, type=java.lang.String, declaredAnnotations=[]}, Parameter{index=1, type=java.lang.String, declaredAnnotations=[]}, Parameter{index=2, type=java.lang.String, declaredAnnotations=[]}, Parameter{index=3, type=java.lang.String, declaredAnnotations=[]}, Parameter{index=4, type=java.lang.String, declaredAnnotations=[]}, Parameter{index=5, type=java.lang.String, declaredAnnotations=[]}, Parameter{index=6, type=java.lang.String, declaredAnnotations=[]}, Parameter{index=7, type=java.lang.String, declaredAnnotations=[]}, Parameter{index=8, type=java.lang.String, declaredAnnotations=[]}, Parameter{index=9, type=java.lang.String, declaredAnnotations=[]}, Parameter{index=10, type=java.lang.String, declaredAnnotations=[]}, Parameter{index=11, type=java.lang.String, declaredAnnotations=[]}, Parameter{index=12, type=java.lang.String, declaredAnnotations=[]}, Parameter{index=13, type=java.lang.String, declaredAnnotations=[]}, Parameter{index=14, type=java.lang.String, declaredAnnotations=[]}, Parameter{index=15, type=java.lang.String, declaredAnnotations=[]}, Parameter{index=16, type=java.lang.String, declaredAnnotations=[]}, Parameter{index=17, type=java.lang.String, declaredAnnotations=[]}, Parameter{index=18, type=java.lang.String, declaredAnnotations=[]}, Parameter{index=19, type=java.lang.String, declaredAnnotations=[]}, Parameter{index=20, type=java.lang.String, declaredAnnotations=[]}, Parameter{index=21, type=java.lang.String, declaredAnnotations=[]}, Parameter{index=22, type=java.lang.String, declaredAnnotations=[]}, Parameter{index=23, type=java.lang.String, declaredAnnotations=[]}, Parameter{index=24, type=java.lang.String, declaredAnnotations=[]}, Parameter{index=25, type=java.lang.String, declaredAnnotations=[]}, Parameter{index=26, type=java.lang.String, declaredAnnotations=[]}, Parameter{index=27, type=java.lang.String, declaredAnnotations=[]}, Parameter{index=28, type=java.lang.String, declaredAnnotations=[]}, Parameter{index=29, type=java.lang.String, declaredAnnotations=[]}, Parameter{index=30, type=java.lang.String, declaredAnnotations=[]}, Parameter{index=31, type=java.lang.String, declaredAnnotations=[]}, Parameter{index=32, type=java.lang.String, declaredAnnotations=[]}, Parameter{index=33, type=java.lang.String, declaredAnnotations=[]}, Parameter{index=34, type=java.lang.String, declaredAnnotations=[]}, Parameter{index=35, type=java.lang.String, declaredAnnotations=[]}, Parameter{index=36, type=java.lang.String, declaredAnnotations=[]}, Parameter{index=37, type=java.lang.String, declaredAnnotations=[]}, Parameter{index=38, type=java.lang.String, declaredAnnotations=[]}, Parameter{index=39, type=java.lang.String, declaredAnnotations=[]}, Parameter{index=40, type=java.lang.String, declaredAnnotations=[]}, Parameter{index=41, type=java.lang.String, declaredAnnotations=[]}, Parameter{index=42, type=java.lang.String, declaredAnnotations=[]}, Parameter{index=43, type=java.lang.String, declaredAnnotations=[]}, Parameter{index=44, type=java.lang.String, declaredAnnotations=[]}, Parameter{index=45, type=java.lang.String, declaredAnnotations=[]}, Parameter{index=46, type=java.lang.String, declaredAnnotations=[]}, Parameter{index=47, type=java.lang.String, declaredAnnotations=[]}, Parameter{index=48, type=java.lang.String, declaredAnnotations=[]}, Parameter{index=49, type=java.lang.String, declaredAnnotations=[]}, Parameter{index=50, type=java.lang.String, declaredAnnotations=[]}, Parameter{index=51, type=java.lang.String, declaredAnnotations=[]}, Parameter{index=52, type=java.lang.String, declaredAnnotations=[]}, Parameter{index=53, type=java.lang.String, declaredAnnotations=[]}, Parameter{index=54, type=java.lang.String, declaredAnnotations=[]}, Parameter{index=55, type=java.lang.String, declaredAnnotations=[]}, Parameter{index=56, type=java.lang.String, declaredAnnotations=[]}, Parameter{index=57, type=java.lang.String, declaredAnnotations=[]}, Parameter{index=58, type=java.lang.String, declaredAnnotations=[]}, Parameter{index=59, type=java.lang.String, declaredAnnotations=[]}, Parameter{index=60, type=java.lang.String, declaredAnnotations=[]}, Parameter{index=61, type=java.lang.String, declaredAnnotations=[]}, Parameter{index=62, type=java.lang.String, declaredAnnotations=[]}, Parameter{index=63, type=java.lang.String, declaredAnnotations=[]}])
Arguments: [(java.lang.String)in073662,(java.lang.String)str,(java.lang.String)12345678901234,(java.lang.String)9319671844,(java.lang.String)ATUPP1747N,(java.lang.String)19.0,(java.lang.String)6.0,(java.lang.String)1982.0,(java.lang.String)500000,(java.lang.String)Level Cover Option,(java.lang.String)Non Smoker,(java.lang.String)Regular Pay,(java.lang.String)20,(java.lang.String)Annual,(java.lang.String)500000,(java.lang.String)500000,(java.lang.String)1.0,(java.lang.String)KKBK0000631,(java.lang.String)Invalid IFSC Code,(java.lang.String)kota,(java.lang.String)Min 5 and max 100 characters,(java.lang.String)kota,(java.lang.String)Min 5 and max 100 characters,(java.lang.String)5613058615,(java.lang.String)Enter only Numbers,(java.lang.String)Direct Bill,(java.lang.String)On Premium Due Date,(java.lang.String)Salary,(java.lang.String)Registration pending,(java.lang.String)asd,(java.lang.String)asdf,(java.lang.String)1,(java.lang.String)2,(java.lang.String)1998,(java.lang.String)Male,(java.lang.String)Son,(java.lang.String)100,(java.lang.String)Maximum value is 104,(java.lang.String)Please select gender first,(java.lang.String)Please enter first name,(java.lang.String)Please enter last name,(java.lang.String)Are you sure you would like to delete?,(java.lang.String)DOB cannot be greater than today,(java.lang.String)Residential Address,(java.lang.String)413501,(java.lang.String)ABC,(java.lang.String)ABCD,(java.lang.String)ACBDF,(java.lang.String)413501,(java.lang.String)English,(java.lang.String)8600599675,(java.lang.String)1236.0,(java.lang.String)asdew,(java.lang.String)1236365,(java.lang.String)asdf,(java.lang.String)123654.0,(java.lang.String)qwee,(java.lang.String)147852.0,(java.lang.String)asdffg,(java.lang.String)YES,(java.lang.String)asdfg,(java.lang.String)Protection,(java.lang.String)Child&amp;apos;s Education,(java.lang.String)Wealth Creation,(java.lang.String)Please enter this field]">
      <![CDATA[org.testng.internal.reflect.MethodMatcherException: 
Data provider mismatch
Method: UserSelectProposeOfInsuranceWeb([Parameter{index=0, type=java.lang.String, declaredAnnotations=[]}, Parameter{index=1, type=java.lang.String, declaredAnnotations=[]}, Parameter{index=2, type=java.lang.String, declaredAnnotations=[]}, Parameter{index=3, type=java.lang.String, declaredAnnotations=[]}, Parameter{index=4, type=java.lang.String, declaredAnnotations=[]}, Parameter{index=5, type=java.lang.String, declaredAnnotations=[]}, Parameter{index=6, type=java.lang.String, declaredAnnotations=[]}, Parameter{index=7, type=java.lang.String, declaredAnnotations=[]}, Parameter{index=8, type=java.lang.String, declaredAnnotations=[]}, Parameter{index=9, type=java.lang.String, declaredAnnotations=[]}, Parameter{index=10, type=java.lang.String, declaredAnnotations=[]}, Parameter{index=11, type=java.lang.String, declaredAnnotations=[]}, Parameter{index=12, type=java.lang.String, declaredAnnotations=[]}, Parameter{index=13, type=java.lang.String, declaredAnnotations=[]}, Parameter{index=14, type=java.lang.String, declaredAnnotations=[]}, Parameter{index=15, type=java.lang.String, declaredAnnotations=[]}, Parameter{index=16, type=java.lang.String, declaredAnnotations=[]}, Parameter{index=17, type=java.lang.String, declaredAnnotations=[]}, Parameter{index=18, type=java.lang.String, declaredAnnotations=[]}, Parameter{index=19, type=java.lang.String, declaredAnnotations=[]}, Parameter{index=20, type=java.lang.String, declaredAnnotations=[]}, Parameter{index=21, type=java.lang.String, declaredAnnotations=[]}, Parameter{index=22, type=java.lang.String, declaredAnnotations=[]}, Parameter{index=23, type=java.lang.String, declaredAnnotations=[]}, Parameter{index=24, type=java.lang.String, declaredAnnotations=[]}, Parameter{index=25, type=java.lang.String, declaredAnnotations=[]}, Parameter{index=26, type=java.lang.String, declaredAnnotations=[]}, Parameter{index=27, type=java.lang.String, declaredAnnotations=[]}, Parameter{index=28, type=java.lang.String, declaredAnnotations=[]}, Parameter{index=29, type=java.lang.String, declaredAnnotations=[]}, Parameter{index=30, type=java.lang.String, declaredAnnotations=[]}, Parameter{index=31, type=java.lang.String, declaredAnnotations=[]}, Parameter{index=32, type=java.lang.String, declaredAnnotations=[]}, Parameter{index=33, type=java.lang.String, declaredAnnotations=[]}, Parameter{index=34, type=java.lang.String, declaredAnnotations=[]}, Parameter{index=35, type=java.lang.String, declaredAnnotations=[]}, Parameter{index=36, type=java.lang.String, declaredAnnotations=[]}, Parameter{index=37, type=java.lang.String, declaredAnnotations=[]}, Parameter{index=38, type=java.lang.String, declaredAnnotations=[]}, Parameter{index=39, type=java.lang.String, declaredAnnotations=[]}, Parameter{index=40, type=java.lang.String, declaredAnnotations=[]}, Parameter{index=41, type=java.lang.String, declaredAnnotations=[]}, Parameter{index=42, type=java.lang.String, declaredAnnotations=[]}, Parameter{index=43, type=java.lang.String, declaredAnnotations=[]}, Parameter{index=44, type=java.lang.String, declaredAnnotations=[]}, Parameter{index=45, type=java.lang.String, declaredAnnotations=[]}, Parameter{index=46, type=java.lang.String, declaredAnnotations=[]}, Parameter{index=47, type=java.lang.String, declaredAnnotations=[]}, Parameter{index=48, type=java.lang.String, declaredAnnotations=[]}, Parameter{index=49, type=java.lang.String, declaredAnnotations=[]}, Parameter{index=50, type=java.lang.String, declaredAnnotations=[]}, Parameter{index=51, type=java.lang.String, declaredAnnotations=[]}, Parameter{index=52, type=java.lang.String, declaredAnnotations=[]}, Parameter{index=53, type=java.lang.String, declaredAnnotations=[]}, Parameter{index=54, type=java.lang.String, declaredAnnotations=[]}, Parameter{index=55, type=java.lang.String, declaredAnnotations=[]}, Parameter{index=56, type=java.lang.String, declaredAnnotations=[]}, Parameter{index=57, type=java.lang.String, declaredAnnotations=[]}, Parameter{index=58, type=java.lang.String, declaredAnnotations=[]}, Parameter{index=59, type=java.lang.String, declaredAnnotations=[]}, Parameter{index=60, type=java.lang.String, declaredAnnotations=[]}, Parameter{index=61, type=java.lang.String, declaredAnnotations=[]}, Parameter{index=62, type=java.lang.String, declaredAnnotations=[]}, Parameter{index=63, type=java.lang.String, declaredAnnotations=[]}])
Arguments: [(java.lang.String)in073662,(java.lang.String)str,(java.lang.String)12345678901234,(java.lang.String)9319671844,(java.lang.String)ATUPP1747N,(java.lang.String)19.0,(java.lang.String)6.0,(java.lang.String)1982.0,(java.lang.String)500000,(java.lang.String)Level Cover Option,(java.lang.String)Non Smoker,(java.lang.String)Regular Pay,(java.lang.String)20,(java.lang.String)Annual,(java.lang.String)500000,(java.lang.String)500000,(java.lang.String)1.0,(java.lang.String)KKBK0000631,(java.lang.String)Invalid IFSC Code,(java.lang.String)kota,(java.lang.String)Min 5 and max 100 characters,(java.lang.String)kota,(java.lang.String)Min 5 and max 100 characters,(java.lang.String)5613058615,(java.lang.String)Enter only Numbers,(java.lang.String)Direct Bill,(java.lang.String)On Premium Due Date,(java.lang.String)Salary,(java.lang.String)Registration pending,(java.lang.String)asd,(java.lang.String)asdf,(java.lang.String)1,(java.lang.String)2,(java.lang.String)1998,(java.lang.String)Male,(java.lang.String)Son,(java.lang.String)100,(java.lang.String)Maximum value is 104,(java.lang.String)Please select gender first,(java.lang.String)Please enter first name,(java.lang.String)Please enter last name,(java.lang.String)Are you sure you would like to delete?,(java.lang.String)DOB cannot be greater than today,(java.lang.String)Residential Address,(java.lang.String)413501,(java.lang.String)ABC,(java.lang.String)ABCD,(java.lang.String)ACBDF,(java.lang.String)413501,(java.lang.String)English,(java.lang.String)8600599675,(java.lang.String)1236.0,(java.lang.String)asdew,(java.lang.String)1236365,(java.lang.String)asdf,(java.lang.String)123654.0,(java.lang.String)qwee,(java.lang.String)147852.0,(java.lang.String)asdffg,(java.lang.String)YES,(java.lang.String)asdfg,(java.lang.String)Protection,(java.lang.String)Child's Education,(java.lang.String)Wealth Creation,(java.lang.String)Please enter this field]
	at org.testng.internal.reflect.DataProviderMethodMatcher.getConformingArguments(DataProviderMethodMatcher.java:49)
	at org.testng.internal.Invoker.injectParameters(Invoker.java:1293)
	at org.testng.internal.Invoker.invokeTestMethods(Invoker.java:1187)
	at org.testng.internal.TestMethodWorker.invokeTestMethods(TestMethodWorker.java:126)
	at org.testng.internal.TestMethodWorker.run(TestMethodWorker.java:109)
	at org.testng.TestRunner.privateRun(TestRunner.java:744)
	at org.testng.TestRunner.run(TestRunner.java:602)
	at org.testng.SuiteRunner.runTest(SuiteRunner.java:380)
	at org.testng.SuiteRunner.runSequentially(SuiteRunner.java:375)
	at org.testng.SuiteRunner.privateRun(SuiteRunner.java:340)
	at org.testng.SuiteRunner.run(SuiteRunner.java:289)
	at org.testng.SuiteRunnerWorker.runSuite(SuiteRunnerWorker.java:52)
	at org.testng.SuiteRunnerWorker.run(SuiteRunnerWorker.java:86)
	at org.testng.TestNG.runSuitesSequentially(TestNG.java:1301)
	at org.testng.TestNG.runSuitesLocally(TestNG.java:1226)
	at org.testng.TestNG.runSuites(TestNG.java:1144)
	at org.testng.TestNG.run(TestNG.java:1115)
	at org.testng.remote.AbstractRemoteTestNG.run(AbstractRemoteTestNG.java:115)
	at org.testng.remote.RemoteTestNG.initAndRun(RemoteTestNG.java:251)
	at org.testng.remote.RemoteTestNG.main(RemoteTestNG.java:77)
]]>
    </failure>
  </testcase> <!-- UserSelectProposeOfInsuranceWeb -->
  <testcase classname="com.absli.testcases.PersonalInfoTest" name="UserSelectStateOfProposerWeb" time="0.172">
    <failure type="java.lang.NullPointerException" message="Cannot invoke &amp;quot;com.relevantcodes.extentreports.ExtentTest.log(com.relevantcodes.extentreports.LogStatus, String)&amp;quot; because &amp;quot;com.absli.Listner.CustomListner.test&amp;quot; is null">
      <![CDATA[java.lang.NullPointerException: Cannot invoke "com.relevantcodes.extentreports.ExtentTest.log(com.relevantcodes.extentreports.LogStatus, String)" because "com.absli.Listner.CustomListner.test" is null
	at com.absli.pageObjects.LoginPage.enterUserNameweb(LoginPage.java:79)
	at Utils.TestFactory.gotoBankweb(TestFactory.java:69)
	at com.absli.testcases.PersonalInfoTest.UserSelectStateOfProposerWeb(PersonalInfoTest.java:745)
	at java.base/jdk.internal.reflect.DirectMethodHandleAccessor.invoke(DirectMethodHandleAccessor.java:104)
	at java.base/java.lang.reflect.Method.invoke(Method.java:577)
	at org.testng.internal.MethodInvocationHelper.invokeMethod(MethodInvocationHelper.java:108)
	at org.testng.internal.Invoker.invokeMethod(Invoker.java:661)
	at org.testng.internal.Invoker.invokeTestMethod(Invoker.java:869)
	at org.testng.internal.Invoker.invokeTestMethods(Invoker.java:1193)
	at org.testng.internal.TestMethodWorker.invokeTestMethods(TestMethodWorker.java:126)
	at org.testng.internal.TestMethodWorker.run(TestMethodWorker.java:109)
	at org.testng.TestRunner.privateRun(TestRunner.java:744)
	at org.testng.TestRunner.run(TestRunner.java:602)
	at org.testng.SuiteRunner.runTest(SuiteRunner.java:380)
	at org.testng.SuiteRunner.runSequentially(SuiteRunner.java:375)
	at org.testng.SuiteRunner.privateRun(SuiteRunner.java:340)
	at org.testng.SuiteRunner.run(SuiteRunner.java:289)
	at org.testng.SuiteRunnerWorker.runSuite(SuiteRunnerWorker.java:52)
	at org.testng.SuiteRunnerWorker.run(SuiteRunnerWorker.java:86)
	at org.testng.TestNG.runSuitesSequentially(TestNG.java:1301)
	at org.testng.TestNG.runSuitesLocally(TestNG.java:1226)
	at org.testng.TestNG.runSuites(TestNG.java:1144)
	at org.testng.TestNG.run(TestNG.java:1115)
	at org.testng.remote.AbstractRemoteTestNG.run(AbstractRemoteTestNG.java:115)
	at org.testng.remote.RemoteTestNG.initAndRun(RemoteTestNG.java:251)
	at org.testng.remote.RemoteTestNG.main(RemoteTestNG.java:77)
]]>
    </failure>
  </testcase> <!-- UserSelectStateOfProposerWeb -->
  <testcase classname="com.absli.testcases.PersonalInfoTest" name="VerifyEnterAllFieldONExistingPageWeb" time="0.19">
    <failure type="org.testng.internal.reflect.MethodMatcherException" message="
Data provider mismatch
Method: VerifyEnterAllFieldONExistingPageWeb([Parameter{index=0, type=java.lang.String, declaredAnnotations=[]}, Parameter{index=1, type=java.lang.String, declaredAnnotations=[]}, Parameter{index=2, type=java.lang.String, declaredAnnotations=[]}, Parameter{index=3, type=java.lang.String, declaredAnnotations=[]}, Parameter{index=4, type=java.lang.String, declaredAnnotations=[]}, Parameter{index=5, type=java.lang.String, declaredAnnotations=[]}, Parameter{index=6, type=java.lang.String, declaredAnnotations=[]}, Parameter{index=7, type=java.lang.String, declaredAnnotations=[]}, Parameter{index=8, type=java.lang.String, declaredAnnotations=[]}, Parameter{index=9, type=java.lang.String, declaredAnnotations=[]}, Parameter{index=10, type=java.lang.String, declaredAnnotations=[]}, Parameter{index=11, type=java.lang.String, declaredAnnotations=[]}, Parameter{index=12, type=java.lang.String, declaredAnnotations=[]}, Parameter{index=13, type=java.lang.String, declaredAnnotations=[]}, Parameter{index=14, type=java.lang.String, declaredAnnotations=[]}, Parameter{index=15, type=java.lang.String, declaredAnnotations=[]}, Parameter{index=16, type=java.lang.String, declaredAnnotations=[]}, Parameter{index=17, type=java.lang.String, declaredAnnotations=[]}, Parameter{index=18, type=java.lang.String, declaredAnnotations=[]}, Parameter{index=19, type=java.lang.String, declaredAnnotations=[]}, Parameter{index=20, type=java.lang.String, declaredAnnotations=[]}, Parameter{index=21, type=java.lang.String, declaredAnnotations=[]}, Parameter{index=22, type=java.lang.String, declaredAnnotations=[]}, Parameter{index=23, type=java.lang.String, declaredAnnotations=[]}, Parameter{index=24, type=java.lang.String, declaredAnnotations=[]}, Parameter{index=25, type=java.lang.String, declaredAnnotations=[]}, Parameter{index=26, type=java.lang.String, declaredAnnotations=[]}, Parameter{index=27, type=java.lang.String, declaredAnnotations=[]}, Parameter{index=28, type=java.lang.String, declaredAnnotations=[]}, Parameter{index=29, type=java.lang.String, declaredAnnotations=[]}, Parameter{index=30, type=java.lang.String, declaredAnnotations=[]}, Parameter{index=31, type=java.lang.String, declaredAnnotations=[]}, Parameter{index=32, type=java.lang.String, declaredAnnotations=[]}, Parameter{index=33, type=java.lang.String, declaredAnnotations=[]}, Parameter{index=34, type=java.lang.String, declaredAnnotations=[]}, Parameter{index=35, type=java.lang.String, declaredAnnotations=[]}, Parameter{index=36, type=java.lang.String, declaredAnnotations=[]}, Parameter{index=37, type=java.lang.String, declaredAnnotations=[]}, Parameter{index=38, type=java.lang.String, declaredAnnotations=[]}, Parameter{index=39, type=java.lang.String, declaredAnnotations=[]}, Parameter{index=40, type=java.lang.String, declaredAnnotations=[]}, Parameter{index=41, type=java.lang.String, declaredAnnotations=[]}, Parameter{index=42, type=java.lang.String, declaredAnnotations=[]}, Parameter{index=43, type=java.lang.String, declaredAnnotations=[]}, Parameter{index=44, type=java.lang.String, declaredAnnotations=[]}, Parameter{index=45, type=java.lang.String, declaredAnnotations=[]}, Parameter{index=46, type=java.lang.String, declaredAnnotations=[]}, Parameter{index=47, type=java.lang.String, declaredAnnotations=[]}, Parameter{index=48, type=java.lang.String, declaredAnnotations=[]}, Parameter{index=49, type=java.lang.String, declaredAnnotations=[]}, Parameter{index=50, type=java.lang.String, declaredAnnotations=[]}, Parameter{index=51, type=java.lang.String, declaredAnnotations=[]}, Parameter{index=52, type=java.lang.String, declaredAnnotations=[]}, Parameter{index=53, type=java.lang.String, declaredAnnotations=[]}, Parameter{index=54, type=java.lang.String, declaredAnnotations=[]}, Parameter{index=55, type=java.lang.String, declaredAnnotations=[]}, Parameter{index=56, type=java.lang.String, declaredAnnotations=[]}, Parameter{index=57, type=java.lang.String, declaredAnnotations=[]}, Parameter{index=58, type=java.lang.String, declaredAnnotations=[]}, Parameter{index=59, type=java.lang.String, declaredAnnotations=[]}, Parameter{index=60, type=java.lang.String, declaredAnnotations=[]}])
Arguments: [(java.lang.String)in073662,(java.lang.String)str,(java.lang.String)12345678901234,(java.lang.String)9319671844,(java.lang.String)ATUPP1747N,(java.lang.String)19.0,(java.lang.String)6.0,(java.lang.String)1982.0,(java.lang.String)500000,(java.lang.String)Level Cover Option,(java.lang.String)Non Smoker,(java.lang.String)Regular Pay,(java.lang.String)20,(java.lang.String)Annual,(java.lang.String)500000,(java.lang.String)500000,(java.lang.String)1.0,(java.lang.String)KKBK0000631,(java.lang.String)Invalid IFSC Code,(java.lang.String)kota,(java.lang.String)Min 5 and max 100 characters,(java.lang.String)kota,(java.lang.String)Min 5 and max 100 characters,(java.lang.String)5613058615,(java.lang.String)Enter only Numbers,(java.lang.String)Direct Bill,(java.lang.String)On Premium Due Date,(java.lang.String)Salary,(java.lang.String)Registration pending,(java.lang.String)jay,(java.lang.String)deshmukh,(java.lang.String)16,(java.lang.String)8,(java.lang.String)1995.0,(java.lang.String)Male,(java.lang.String)Son,(java.lang.String)100,(java.lang.String)Maximum value is 101,(java.lang.String)Please select gender first,(java.lang.String)Please enter first name,(java.lang.String)Please enter last name,(java.lang.String)Are you sure you would like to delete?,(java.lang.String)DOB cannot be greater than today,(java.lang.String)Residential Address,(java.lang.String)413501,(java.lang.String)ABC,(java.lang.String)ABCD,(java.lang.String)ACBDF,(java.lang.String)413501,(java.lang.String)English,(java.lang.String)8600599675,(java.lang.String)12345.0,(java.lang.String)zxcvbnmlkjhgfdsaqwertyuioplkjhgfdsazxcvbnmlkjhgfds,(java.lang.String)1234567890,(java.lang.String)abcdeflk123456g,(java.lang.String)poiuyt1234mnb56,(java.lang.String)zxcvbnmlkjhgfdsaqwertyuioplkjhgfdsazxcvbnmlkjhgfds,(java.lang.String)1234567890,(java.lang.String)zxcvbnmlkjhgfdsaqwertyuioplkjhgfdsazxcvbnmlkjhgfds,(java.lang.String)YES,(java.lang.String)zxcvbnmlkjhgfdsaqwertyuioplkjhgfdsazxcvbnmlkjhgfds,(java.lang.String)Protection,(java.lang.String)Child&amp;apos;s Education,(java.lang.String)Retirement Planning,(java.lang.String)Please enter this field]">
      <![CDATA[org.testng.internal.reflect.MethodMatcherException: 
Data provider mismatch
Method: VerifyEnterAllFieldONExistingPageWeb([Parameter{index=0, type=java.lang.String, declaredAnnotations=[]}, Parameter{index=1, type=java.lang.String, declaredAnnotations=[]}, Parameter{index=2, type=java.lang.String, declaredAnnotations=[]}, Parameter{index=3, type=java.lang.String, declaredAnnotations=[]}, Parameter{index=4, type=java.lang.String, declaredAnnotations=[]}, Parameter{index=5, type=java.lang.String, declaredAnnotations=[]}, Parameter{index=6, type=java.lang.String, declaredAnnotations=[]}, Parameter{index=7, type=java.lang.String, declaredAnnotations=[]}, Parameter{index=8, type=java.lang.String, declaredAnnotations=[]}, Parameter{index=9, type=java.lang.String, declaredAnnotations=[]}, Parameter{index=10, type=java.lang.String, declaredAnnotations=[]}, Parameter{index=11, type=java.lang.String, declaredAnnotations=[]}, Parameter{index=12, type=java.lang.String, declaredAnnotations=[]}, Parameter{index=13, type=java.lang.String, declaredAnnotations=[]}, Parameter{index=14, type=java.lang.String, declaredAnnotations=[]}, Parameter{index=15, type=java.lang.String, declaredAnnotations=[]}, Parameter{index=16, type=java.lang.String, declaredAnnotations=[]}, Parameter{index=17, type=java.lang.String, declaredAnnotations=[]}, Parameter{index=18, type=java.lang.String, declaredAnnotations=[]}, Parameter{index=19, type=java.lang.String, declaredAnnotations=[]}, Parameter{index=20, type=java.lang.String, declaredAnnotations=[]}, Parameter{index=21, type=java.lang.String, declaredAnnotations=[]}, Parameter{index=22, type=java.lang.String, declaredAnnotations=[]}, Parameter{index=23, type=java.lang.String, declaredAnnotations=[]}, Parameter{index=24, type=java.lang.String, declaredAnnotations=[]}, Parameter{index=25, type=java.lang.String, declaredAnnotations=[]}, Parameter{index=26, type=java.lang.String, declaredAnnotations=[]}, Parameter{index=27, type=java.lang.String, declaredAnnotations=[]}, Parameter{index=28, type=java.lang.String, declaredAnnotations=[]}, Parameter{index=29, type=java.lang.String, declaredAnnotations=[]}, Parameter{index=30, type=java.lang.String, declaredAnnotations=[]}, Parameter{index=31, type=java.lang.String, declaredAnnotations=[]}, Parameter{index=32, type=java.lang.String, declaredAnnotations=[]}, Parameter{index=33, type=java.lang.String, declaredAnnotations=[]}, Parameter{index=34, type=java.lang.String, declaredAnnotations=[]}, Parameter{index=35, type=java.lang.String, declaredAnnotations=[]}, Parameter{index=36, type=java.lang.String, declaredAnnotations=[]}, Parameter{index=37, type=java.lang.String, declaredAnnotations=[]}, Parameter{index=38, type=java.lang.String, declaredAnnotations=[]}, Parameter{index=39, type=java.lang.String, declaredAnnotations=[]}, Parameter{index=40, type=java.lang.String, declaredAnnotations=[]}, Parameter{index=41, type=java.lang.String, declaredAnnotations=[]}, Parameter{index=42, type=java.lang.String, declaredAnnotations=[]}, Parameter{index=43, type=java.lang.String, declaredAnnotations=[]}, Parameter{index=44, type=java.lang.String, declaredAnnotations=[]}, Parameter{index=45, type=java.lang.String, declaredAnnotations=[]}, Parameter{index=46, type=java.lang.String, declaredAnnotations=[]}, Parameter{index=47, type=java.lang.String, declaredAnnotations=[]}, Parameter{index=48, type=java.lang.String, declaredAnnotations=[]}, Parameter{index=49, type=java.lang.String, declaredAnnotations=[]}, Parameter{index=50, type=java.lang.String, declaredAnnotations=[]}, Parameter{index=51, type=java.lang.String, declaredAnnotations=[]}, Parameter{index=52, type=java.lang.String, declaredAnnotations=[]}, Parameter{index=53, type=java.lang.String, declaredAnnotations=[]}, Parameter{index=54, type=java.lang.String, declaredAnnotations=[]}, Parameter{index=55, type=java.lang.String, declaredAnnotations=[]}, Parameter{index=56, type=java.lang.String, declaredAnnotations=[]}, Parameter{index=57, type=java.lang.String, declaredAnnotations=[]}, Parameter{index=58, type=java.lang.String, declaredAnnotations=[]}, Parameter{index=59, type=java.lang.String, declaredAnnotations=[]}, Parameter{index=60, type=java.lang.String, declaredAnnotations=[]}])
Arguments: [(java.lang.String)in073662,(java.lang.String)str,(java.lang.String)12345678901234,(java.lang.String)9319671844,(java.lang.String)ATUPP1747N,(java.lang.String)19.0,(java.lang.String)6.0,(java.lang.String)1982.0,(java.lang.String)500000,(java.lang.String)Level Cover Option,(java.lang.String)Non Smoker,(java.lang.String)Regular Pay,(java.lang.String)20,(java.lang.String)Annual,(java.lang.String)500000,(java.lang.String)500000,(java.lang.String)1.0,(java.lang.String)KKBK0000631,(java.lang.String)Invalid IFSC Code,(java.lang.String)kota,(java.lang.String)Min 5 and max 100 characters,(java.lang.String)kota,(java.lang.String)Min 5 and max 100 characters,(java.lang.String)5613058615,(java.lang.String)Enter only Numbers,(java.lang.String)Direct Bill,(java.lang.String)On Premium Due Date,(java.lang.String)Salary,(java.lang.String)Registration pending,(java.lang.String)jay,(java.lang.String)deshmukh,(java.lang.String)16,(java.lang.String)8,(java.lang.String)1995.0,(java.lang.String)Male,(java.lang.String)Son,(java.lang.String)100,(java.lang.String)Maximum value is 101,(java.lang.String)Please select gender first,(java.lang.String)Please enter first name,(java.lang.String)Please enter last name,(java.lang.String)Are you sure you would like to delete?,(java.lang.String)DOB cannot be greater than today,(java.lang.String)Residential Address,(java.lang.String)413501,(java.lang.String)ABC,(java.lang.String)ABCD,(java.lang.String)ACBDF,(java.lang.String)413501,(java.lang.String)English,(java.lang.String)8600599675,(java.lang.String)12345.0,(java.lang.String)zxcvbnmlkjhgfdsaqwertyuioplkjhgfdsazxcvbnmlkjhgfds,(java.lang.String)1234567890,(java.lang.String)abcdeflk123456g,(java.lang.String)poiuyt1234mnb56,(java.lang.String)zxcvbnmlkjhgfdsaqwertyuioplkjhgfdsazxcvbnmlkjhgfds,(java.lang.String)1234567890,(java.lang.String)zxcvbnmlkjhgfdsaqwertyuioplkjhgfdsazxcvbnmlkjhgfds,(java.lang.String)YES,(java.lang.String)zxcvbnmlkjhgfdsaqwertyuioplkjhgfdsazxcvbnmlkjhgfds,(java.lang.String)Protection,(java.lang.String)Child's Education,(java.lang.String)Retirement Planning,(java.lang.String)Please enter this field]
	at org.testng.internal.reflect.DataProviderMethodMatcher.getConformingArguments(DataProviderMethodMatcher.java:49)
	at org.testng.internal.Invoker.injectParameters(Invoker.java:1293)
	at org.testng.internal.Invoker.invokeTestMethods(Invoker.java:1187)
	at org.testng.internal.TestMethodWorker.invokeTestMethods(TestMethodWorker.java:126)
	at org.testng.internal.TestMethodWorker.run(TestMethodWorker.java:109)
	at org.testng.TestRunner.privateRun(TestRunner.java:744)
	at org.testng.TestRunner.run(TestRunner.java:602)
	at org.testng.SuiteRunner.runTest(SuiteRunner.java:380)
	at org.testng.SuiteRunner.runSequentially(SuiteRunner.java:375)
	at org.testng.SuiteRunner.privateRun(SuiteRunner.java:340)
	at org.testng.SuiteRunner.run(SuiteRunner.java:289)
	at org.testng.SuiteRunnerWorker.runSuite(SuiteRunnerWorker.java:52)
	at org.testng.SuiteRunnerWorker.run(SuiteRunnerWorker.java:86)
	at org.testng.TestNG.runSuitesSequentially(TestNG.java:1301)
	at org.testng.TestNG.runSuitesLocally(TestNG.java:1226)
	at org.testng.TestNG.runSuites(TestNG.java:1144)
	at org.testng.TestNG.run(TestNG.java:1115)
	at org.testng.remote.AbstractRemoteTestNG.run(AbstractRemoteTestNG.java:115)
	at org.testng.remote.RemoteTestNG.initAndRun(RemoteTestNG.java:251)
	at org.testng.remote.RemoteTestNG.main(RemoteTestNG.java:77)
]]>
    </failure>
  </testcase> <!-- VerifyEnterAllFieldONExistingPageWeb -->
</testsuite> <!-- Default test -->
