<?xml version="1.0" encoding="UTF-8"?>
<!-- Generated by org.testng.reporters.JUnitXMLReporter -->
<testsuite ignored="24" hostname="LAPTOP-I0N0AR3U" failures="0" tests="1" name="Test" time="405.822" errors="0" timestamp="21 Sep 2022 17:51:41 GMT">
  <testcase classname="com.absli.testcases.HealthDetailsTest" name="VerifyMedicalAilmentsQuestion5ParalysisWeb" time="401.278"/>
  <testcase classname="com.absli.testcases.HealthDetailsTest" name="VerifyHealthDetailsLifeStyleHazardousWeb" time="0.0">
    <ignored/>
  </testcase> <!-- VerifyHealthDetailsLifeStyleHazardousWeb -->
  <testcase classname="com.absli.testcases.HealthDetailsTest" name="VerifyMedicalHistoryHospitalizationWeb" time="0.0">
    <ignored/>
  </testcase> <!-- VerifyMedicalHistoryHospitalizationWeb -->
  <testcase classname="com.absli.testcases.HealthDetailsTest" name="VerifyMedicalAilments1AllTabExceptHeartIssueWeb" time="0.0">
    <ignored/>
  </testcase> <!-- VerifyMedicalAilments1AllTabExceptHeartIssueWeb -->
  <testcase classname="com.absli.testcases.HealthDetailsTest" name="VerifyMedicalHaveyousufferedFromWeb" time="0.0">
    <ignored/>
  </testcase> <!-- VerifyMedicalHaveyousufferedFromWeb -->
  <testcase classname="com.absli.testcases.HealthDetailsTest" name="VerifyMedicalSpouseHealthWeb" time="0.0">
    <ignored/>
  </testcase> <!-- VerifyMedicalSpouseHealthWeb -->
  <testcase classname="com.absli.testcases.HealthDetailsTest" name="VerifyMedicalForFemaleLiveOnlyWeb" time="0.0">
    <ignored/>
  </testcase> <!-- VerifyMedicalForFemaleLiveOnlyWeb -->
  <testcase classname="com.absli.testcases.HealthDetailsTest" name="VerifyMedicalAilmentsQuestion2AsthmaWeb" time="0.0">
    <ignored/>
  </testcase> <!-- VerifyMedicalAilmentsQuestion2AsthmaWeb -->
  <testcase classname="com.absli.testcases.HealthDetailsTest" name="VerifyMedicalAilmentsAllTabExceptDizinessEpilepsyWeb" time="0.0">
    <ignored/>
  </testcase> <!-- VerifyMedicalAilmentsAllTabExceptDizinessEpilepsyWeb -->
  <testcase classname="com.absli.testcases.HealthDetailsTest" name="VerifyMedicalAilmentsQuestion1ChestPainWeb" time="0.0">
    <ignored/>
  </testcase> <!-- VerifyMedicalAilmentsQuestion1ChestPainWeb -->
  <testcase classname="com.absli.testcases.HealthDetailsTest" name="HealthDetailsPersonalWeightChangeWeb" time="0.0">
    <ignored/>
  </testcase> <!-- HealthDetailsPersonalWeightChangeWeb -->
  <testcase classname="com.absli.testcases.HealthDetailsTest" name="VerifyMedicalOtherSymptomsWeb" time="0.0">
    <ignored/>
  </testcase> <!-- VerifyMedicalOtherSymptomsWeb -->
  <testcase classname="com.absli.testcases.HealthDetailsTest" name="VerifyLifeStyleTravellAllTextPresentWeb" time="0.0">
    <ignored/>
  </testcase> <!-- VerifyLifeStyleTravellAllTextPresentWeb -->
  <testcase classname="com.absli.testcases.HealthDetailsTest" name="VerifyMedicalAilmentsAllTabExceptAsthmaAndChronicCoughWeb" time="0.0">
    <ignored/>
  </testcase> <!-- VerifyMedicalAilmentsAllTabExceptAsthmaAndChronicCoughWeb -->
  <testcase classname="com.absli.testcases.HealthDetailsTest" name="HealthDetailsPersonalWaightValidationWeb" time="0.0">
    <ignored/>
  </testcase> <!-- HealthDetailsPersonalWaightValidationWeb -->
  <testcase classname="com.absli.testcases.HealthDetailsTest" name="VerifyMedicalAilmentsQuestion4UlcerWeb" time="0.0">
    <ignored/>
  </testcase> <!-- VerifyMedicalAilmentsQuestion4UlcerWeb -->
  <testcase classname="com.absli.testcases.HealthDetailsTest" name="HealthDetailsPersonalHeightFeetValidationWeb" time="0.0">
    <ignored/>
  </testcase> <!-- HealthDetailsPersonalHeightFeetValidationWeb -->
  <testcase classname="com.absli.testcases.HealthDetailsTest" name="VerifyMedicalHistoryDisorderWeb" time="0.0">
    <ignored/>
  </testcase> <!-- VerifyMedicalHistoryDisorderWeb -->
  <testcase classname="com.absli.testcases.HealthDetailsTest" name="VerifyLifeStylAllTextPresentWeb" time="0.0">
    <ignored/>
  </testcase> <!-- VerifyLifeStylAllTextPresentWeb -->
  <testcase classname="com.absli.testcases.HealthDetailsTest" name="VerifyMedicalHistoryAbsentFromWorkWeb" time="0.0">
    <ignored/>
  </testcase> <!-- VerifyMedicalHistoryAbsentFromWorkWeb -->
  <testcase classname="com.absli.testcases.HealthDetailsTest" name="VerifyMedicalAilmentsQuestion3DiabetesWeb" time="0.0">
    <ignored/>
  </testcase> <!-- VerifyMedicalAilmentsQuestion3DiabetesWeb -->
  <testcase classname="com.absli.testcases.HealthDetailsTest" name="HealthDetailsLifeStyleNarcoticsWeb" time="0.0">
    <ignored/>
  </testcase> <!-- HealthDetailsLifeStyleNarcoticsWeb -->
  <testcase classname="com.absli.testcases.HealthDetailsTest" name="VerifyMedicalHaveyousufferedFromDateValidationWeb" time="0.0">
    <ignored/>
  </testcase> <!-- VerifyMedicalHaveyousufferedFromDateValidationWeb -->
  <testcase classname="com.absli.testcases.HealthDetailsTest" name="VerifyHealthDetailsLifeStyleTobaccoNicotineWeb" time="0.0">
    <ignored/>
  </testcase> <!-- VerifyHealthDetailsLifeStyleTobaccoNicotineWeb -->
  <testcase classname="com.absli.testcases.HealthDetailsTest" name="VerifyLifeStyleAllByDefaultAsNoWeb" time="0.0">
    <ignored/>
  </testcase> <!-- VerifyLifeStyleAllByDefaultAsNoWeb -->
</testsuite> <!-- Test -->
